This file contains any messages produced by compilers while
running configure, to aid debugging if configure makes a mistake.

It was created by shellsort configure 1.0, which was
generated by GNU Autoconf 2.68.  Invocation command line was

  $ ./configure 

## --------- ##
## Platform. ##
## --------- ##

hostname = andre-VirtualBox
uname -m = i686
uname -r = 3.0.0-24-generic
uname -s = Linux
uname -v = #40-Ubuntu SMP Tue Jul 24 15:36:59 UTC 2012

/usr/bin/uname -p = unknown
/bin/uname -X     = unknown

/bin/arch              = unknown
/usr/bin/arch -k       = unknown
/usr/convex/getsysinfo = unknown
/usr/bin/hostinfo      = unknown
/bin/machine           = unknown
/usr/bin/oslevel       = unknown
/bin/universe          = unknown

PATH: /usr/local/bin
PATH: /usr/bin
PATH: /usr/lib/lightdm/lightdm
PATH: /usr/local/sbin
PATH: /usr/local/bin
PATH: /usr/sbin
PATH: /usr/bin
PATH: /sbin
PATH: /bin
PATH: /usr/games
PATH: /home/andre/.rvm/bin


## ----------- ##
## Core tests. ##
## ----------- ##

configure:2040: checking for a BSD-compatible install
configure:2108: result: /usr/bin/install -c
configure:2119: checking whether build environment is sane
configure:2169: result: yes
configure:2310: checking for a thread-safe mkdir -p
configure:2349: result: /bin/mkdir -p
configure:2362: checking for gawk
configure:2392: result: no
configure:2362: checking for mawk
configure:2378: found /usr/bin/mawk
configure:2389: result: mawk
configure:2400: checking whether make sets $(MAKE)
configure:2422: result: yes
configure:2555: checking for gcc
configure:2571: found /usr/bin/gcc
configure:2582: result: gcc
configure:2811: checking for C compiler version
configure:2820: gcc --version >&5
gcc (Ubuntu/Linaro 4.6.1-9ubuntu3) 4.6.1
Copyright (C) 2011 Free Software Foundation, Inc.
This is free software; see the source for copying conditions.  There is NO
warranty; not even for MERCHANTABILITY or FITNESS FOR A PARTICULAR PURPOSE.

configure:2831: $? = 0
configure:2820: gcc -v >&5
Using built-in specs.
COLLECT_GCC=gcc
COLLECT_LTO_WRAPPER=/usr/lib/gcc/i686-linux-gnu/4.6.1/lto-wrapper
Target: i686-linux-gnu
Configured with: ../src/configure -v --with-pkgversion='Ubuntu/Linaro 4.6.1-9ubuntu3' --with-bugurl=file:///usr/share/doc/gcc-4.6/README.Bugs --enable-languages=c,c++,fortran,objc,obj-c++,go --prefix=/usr --program-suffix=-4.6 --enable-shared --enable-linker-build-id --with-system-zlib --libexecdir=/usr/lib --without-included-gettext --enable-threads=posix --with-gxx-include-dir=/usr/include/c++/4.6 --libdir=/usr/lib --enable-nls --with-sysroot=/ --enable-clocale=gnu --enable-libstdcxx-debug --enable-libstdcxx-time=yes --enable-plugin --enable-objc-gc --enable-targets=all --disable-werror --with-arch-32=i686 --with-tune=generic --enable-checking=release --build=i686-linux-gnu --host=i686-linux-gnu --target=i686-linux-gnu
Thread model: posix
gcc version 4.6.1 (Ubuntu/Linaro 4.6.1-9ubuntu3) 
configure:2831: $? = 0
configure:2820: gcc -V >&5
gcc: error: unrecognized option '-V'
gcc: fatal error: no input files
compilation terminated.
configure:2831: $? = 4
configure:2820: gcc -qversion >&5
gcc: error: unrecognized option '-qversion'
gcc: fatal error: no input files
compilation terminated.
configure:2831: $? = 4
configure:2851: checking whether the C compiler works
configure:2873: gcc    conftest.c  >&5
configure:2877: $? = 0
configure:2925: result: yes
configure:2928: checking for C compiler default output file name
configure:2930: result: a.out
configure:2936: checking for suffix of executables
configure:2943: gcc -o conftest    conftest.c  >&5
configure:2947: $? = 0
configure:2969: result: 
configure:2991: checking whether we are cross compiling
configure:2999: gcc -o conftest    conftest.c  >&5
configure:3003: $? = 0
configure:3010: ./conftest
configure:3014: $? = 0
configure:3029: result: no
configure:3034: checking for suffix of object files
configure:3056: gcc -c   conftest.c >&5
configure:3060: $? = 0
configure:3081: result: o
configure:3085: checking whether we are using the GNU C compiler
configure:3104: gcc -c   conftest.c >&5
configure:3104: $? = 0
configure:3113: result: yes
configure:3122: checking whether gcc accepts -g
configure:3142: gcc -c -g  conftest.c >&5
configure:3142: $? = 0
configure:3183: result: yes
configure:3200: checking for gcc option to accept ISO C89
configure:3264: gcc  -c -g -O2  conftest.c >&5
configure:3264: $? = 0
configure:3277: result: none needed
configure:3308: checking for style of include used by make
configure:3336: result: GNU
configure:3361: checking dependency style of gcc
configure:3471: result: gcc3
configure:3496: checking how to run the C preprocessor
configure:3527: gcc -E  conftest.c
configure:3527: $? = 0
configure:3541: gcc -E  conftest.c
conftest.c:11:28: fatal error: ac_nonexistent.h: No such file or directory
compilation terminated.
configure:3541: $? = 1
configure: failed program was:
| /* confdefs.h */
| #define PACKAGE_NAME "shellsort"
| #define PACKAGE_TARNAME "shellsort"
| #define PACKAGE_VERSION "1.0"
| #define PACKAGE_STRING "shellsort 1.0"
| #define PACKAGE_BUGREPORT ""
| #define PACKAGE_URL ""
| #define PACKAGE "shellsort"
| #define VERSION "1.0"
| /* end confdefs.h.  */
| #include <ac_nonexistent.h>
configure:3566: result: gcc -E
configure:3586: gcc -E  conftest.c
configure:3586: $? = 0
configure:3600: gcc -E  conftest.c
conftest.c:11:28: fatal error: ac_nonexistent.h: No such file or directory
compilation terminated.
configure:3600: $? = 1
configure: failed program was:
| /* confdefs.h */
| #define PACKAGE_NAME "shellsort"
| #define PACKAGE_TARNAME "shellsort"
| #define PACKAGE_VERSION "1.0"
| #define PACKAGE_STRING "shellsort 1.0"
| #define PACKAGE_BUGREPORT ""
| #define PACKAGE_URL ""
| #define PACKAGE "shellsort"
| #define VERSION "1.0"
| /* end confdefs.h.  */
| #include <ac_nonexistent.h>
configure:3629: checking for grep that handles long lines and -e
configure:3687: result: /bin/grep
configure:3692: checking for egrep
configure:3754: result: /bin/grep -E
configure:3759: checking for ANSI C header files
configure:3779: gcc -c -g -O2  conftest.c >&5
configure:3779: $? = 0
configure:3852: gcc -o conftest -g -O2   conftest.c  >&5
configure:3852: $? = 0
configure:3852: ./conftest
configure:3852: $? = 0
configure:3863: result: yes
configure:3876: checking for sys/types.h
configure:3876: gcc -c -g -O2  conftest.c >&5
configure:3876: $? = 0
configure:3876: result: yes
configure:3876: checking for sys/stat.h
configure:3876: gcc -c -g -O2  conftest.c >&5
configure:3876: $? = 0
configure:3876: result: yes
configure:3876: checking for stdlib.h
configure:3876: gcc -c -g -O2  conftest.c >&5
configure:3876: $? = 0
configure:3876: result: yes
configure:3876: checking for string.h
configure:3876: gcc -c -g -O2  conftest.c >&5
configure:3876: $? = 0
configure:3876: result: yes
configure:3876: checking for memory.h
configure:3876: gcc -c -g -O2  conftest.c >&5
configure:3876: $? = 0
configure:3876: result: yes
configure:3876: checking for strings.h
configure:3876: gcc -c -g -O2  conftest.c >&5
configure:3876: $? = 0
configure:3876: result: yes
configure:3876: checking for inttypes.h
configure:3876: gcc -c -g -O2  conftest.c >&5
configure:3876: $? = 0
configure:3876: result: yes
configure:3876: checking for stdint.h
configure:3876: gcc -c -g -O2  conftest.c >&5
configure:3876: $? = 0
configure:3876: result: yes
configure:3876: checking for unistd.h
configure:3876: gcc -c -g -O2  conftest.c >&5
configure:3876: $? = 0
configure:3876: result: yes
configure:3890: checking for stdlib.h
configure:3890: result: yes
configure:3906: checking for stdlib.h
configure:3906: result: yes
configure:3916: checking for GNU libc compatible malloc
configure:3940: gcc -o conftest -g -O2   conftest.c  >&5
configure:3940: $? = 0
configure:3940: ./conftest
configure:3940: $? = 0
configure:3950: result: yes
configure:4104: creating ./config.status

## ---------------------- ##
## Running config.status. ##
## ---------------------- ##

This file was extended by shellsort config.status 1.0, which was
generated by GNU Autoconf 2.68.  Invocation command line was

  CONFIG_FILES    = 
  CONFIG_HEADERS  = 
  CONFIG_LINKS    = 
  CONFIG_COMMANDS = 
  $ ./config.status 

on andre-VirtualBox

config.status:862: creating Makefile
config.status:862: creating config.h
config.status:1043: config.h is unchanged
config.status:1091: executing depfiles commands

## ---------------- ##
## Cache variables. ##
## ---------------- ##

ac_cv_c_compiler_gnu=yes
ac_cv_env_CC_set=
ac_cv_env_CC_value=
ac_cv_env_CFLAGS_set=
ac_cv_env_CFLAGS_value=
ac_cv_env_CPPFLAGS_set=
ac_cv_env_CPPFLAGS_value=
ac_cv_env_CPP_set=
ac_cv_env_CPP_value=
ac_cv_env_LDFLAGS_set=
ac_cv_env_LDFLAGS_value=
ac_cv_env_LIBS_set=
ac_cv_env_LIBS_value=
ac_cv_env_build_alias_set=
ac_cv_env_build_alias_value=
ac_cv_env_host_alias_set=
ac_cv_env_host_alias_value=
ac_cv_env_target_alias_set=
ac_cv_env_target_alias_value=
ac_cv_func_malloc_0_nonnull=yes
ac_cv_header_inttypes_h=yes
ac_cv_header_memory_h=yes
ac_cv_header_stdc=yes
ac_cv_header_stdint_h=yes
ac_cv_header_stdlib_h=yes
ac_cv_header_string_h=yes
ac_cv_header_strings_h=yes
ac_cv_header_sys_stat_h=yes
ac_cv_header_sys_types_h=yes
ac_cv_header_unistd_h=yes
ac_cv_objext=o
ac_cv_path_EGREP='/bin/grep -E'
ac_cv_path_GREP=/bin/grep
ac_cv_path_install='/usr/bin/install -c'
ac_cv_path_mkdir=/bin/mkdir
ac_cv_prog_AWK=mawk
ac_cv_prog_CPP='gcc -E'
ac_cv_prog_ac_ct_CC=gcc
ac_cv_prog_cc_c89=
ac_cv_prog_cc_g=yes
ac_cv_prog_make_make_set=yes
am_cv_CC_dependencies_compiler_type=gcc3

## ----------------- ##
## Output variables. ##
## ----------------- ##

ACLOCAL='${SHELL} /home/andre/work/shellsort/missing --run aclocal-1.11'
AMDEPBACKSLASH='\'
AMDEP_FALSE='#'
AMDEP_TRUE=''
AMTAR='${SHELL} /home/andre/work/shellsort/missing --run tar'
AUTOCONF='${SHELL} /home/andre/work/shellsort/missing --run autoconf'
AUTOHEADER='${SHELL} /home/andre/work/shellsort/missing --run autoheader'
AUTOMAKE='${SHELL} /home/andre/work/shellsort/missing --run automake-1.11'
AWK='mawk'
CC='gcc'
CCDEPMODE='depmode=gcc3'
CFLAGS='-g -O2'
CPP='gcc -E'
CPPFLAGS=''
CYGPATH_W='echo'
DEFS='-DHAVE_CONFIG_H'
DEPDIR='.deps'
ECHO_C=''
ECHO_N='-n'
ECHO_T=''
EGREP='/bin/grep -E'
EXEEXT=''
GREP='/bin/grep'
INSTALL_DATA='${INSTALL} -m 644'
INSTALL_PROGRAM='${INSTALL}'
INSTALL_SCRIPT='${INSTALL}'
INSTALL_STRIP_PROGRAM='$(install_sh) -c -s'
LDFLAGS=''
LIBOBJS=''
LIBS=''
LTLIBOBJS=''
MAKEINFO='${SHELL} /home/andre/work/shellsort/missing --run makeinfo'
MKDIR_P='/bin/mkdir -p'
OBJEXT='o'
PACKAGE='shellsort'
PACKAGE_BUGREPORT=''
PACKAGE_NAME='shellsort'
PACKAGE_STRING='shellsort 1.0'
PACKAGE_TARNAME='shellsort'
PACKAGE_URL=''
PACKAGE_VERSION='1.0'
PATH_SEPARATOR=':'
SET_MAKE=''
SHELL='/bin/bash'
STRIP=''
VERSION='1.0'
ac_ct_CC='gcc'
am__EXEEXT_FALSE=''
am__EXEEXT_TRUE='#'
am__fastdepCC_FALSE='#'
am__fastdepCC_TRUE=''
am__include='include'
am__isrc=''
am__leading_dot='.'
am__quote=''
am__tar='${AMTAR} chof - "$$tardir"'
am__untar='${AMTAR} xf -'
bindir='${exec_prefix}/bin'
build_alias=''
datadir='${datarootdir}'
datarootdir='${prefix}/share'
docdir='${datarootdir}/doc/${PACKAGE_TARNAME}'
dvidir='${docdir}'
exec_prefix='${prefix}'
host_alias=''
htmldir='${docdir}'
includedir='${prefix}/include'
infodir='${datarootdir}/info'
install_sh='${SHELL} /home/andre/work/shellsort/install-sh'
libdir='${exec_prefix}/lib'
libexecdir='${exec_prefix}/libexec'
localedir='${datarootdir}/locale'
localstatedir='${prefix}/var'
mandir='${datarootdir}/man'
mkdir_p='/bin/mkdir -p'
oldincludedir='/usr/include'
pdfdir='${docdir}'
prefix='/usr/local'
program_transform_name='s,x,x,'
psdir='${docdir}'
sbindir='${exec_prefix}/sbin'
sharedstatedir='${prefix}/com'
sysconfdir='${prefix}/etc'
target_alias=''

## ----------- ##
## confdefs.h. ##
## ----------- ##

/* confdefs.h */
#define PACKAGE_NAME "shellsort"
#define PACKAGE_TARNAME "shellsort"
#define PACKAGE_VERSION "1.0"
#define PACKAGE_STRING "shellsort 1.0"
#define PACKAGE_BUGREPORT ""
#define PACKAGE_URL ""
#define PACKAGE "shellsort"
#define VERSION "1.0"
#define STDC_HEADERS 1
#define HAVE_SYS_TYPES_H 1
#define HAVE_SYS_STAT_H 1
#define HAVE_STDLIB_H 1
#define HAVE_STRING_H 1
#define HAVE_MEMORY_H 1
#define HAVE_STRINGS_H 1
#define HAVE_INTTYPES_H 1
#define HAVE_STDINT_H 1
#define HAVE_UNISTD_H 1
#define HAVE_STDLIB_H 1
#define HAVE_STDLIB_H 1
#define HAVE_MALLOC 1

configure: exit 0

## ---------------------- ##
## Running config.status. ##
## ---------------------- ##

This file was extended by shellsort config.status 1.0, which was
generated by GNU Autoconf 2.68.  Invocation command line was

  CONFIG_FILES    = 
  CONFIG_HEADERS  = 
  CONFIG_LINKS    = 
  CONFIG_COMMANDS = 
  $ ./config.status Makefile depfiles

on andre-VirtualBox

config.status:862: creating Makefile
config.status:1091: executing depfiles commands

## ---------------------- ##
## Running config.status. ##
## ---------------------- ##

This file was extended by shellsort config.status 1.0, which was
generated by GNU Autoconf 2.68.  Invocation command line was

  CONFIG_FILES    = 
  CONFIG_HEADERS  = 
  CONFIG_LINKS    = 
  CONFIG_COMMANDS = 
  $ ./config.status Makefile depfiles

on andre-VirtualBox

config.status:862: creating Makefile
config.status:1091: executing depfiles commands
